<?xml version="1.0" encoding="UTF-8"?>
<testng-results skipped="0" failed="0" ignored="0" total="1" passed="1">
  <reporter-output>
  </reporter-output>
  <suite name="Default suite" duration-ms="412853" started-at="2020-07-30T16:52:15Z" finished-at="2020-07-30T16:59:08Z">
    <groups>
    </groups>
    <test name="Default test" duration-ms="412853" started-at="2020-07-30T16:52:15Z" finished-at="2020-07-30T16:59:08Z">
      <class name="org.task.testcases.NoBrokerApplicationTask">
        <test-method status="PASS" signature="beforeSuiteRun()[pri:0, instance:org.task.testcases.NoBrokerApplicationTask@6c3152]" name="beforeSuiteRun" is-config="true" duration-ms="1279" started-at="2020-07-30T16:52:14Z" finished-at="2020-07-30T16:52:15Z">
          <reporter-output>
          </reporter-output>
        </test-method> <!-- beforeSuiteRun -->
        <test-method status="PASS" signature="provideData()[pri:0, instance:org.task.testcases.NoBrokerApplicationTask@6c3152]" name="provideData" is-config="true" duration-ms="1" started-at="2020-07-30T16:52:15Z" finished-at="2020-07-30T16:52:15Z">
          <reporter-output>
          </reporter-output>
        </test-method> <!-- provideData -->
        <test-method status="PASS" signature="beforeClassRun()[pri:0, instance:org.task.testcases.NoBrokerApplicationTask@6c3152]" name="beforeClassRun" is-config="true" duration-ms="3" started-at="2020-07-30T16:52:15Z" finished-at="2020-07-30T16:52:15Z">
          <reporter-output>
          </reporter-output>
        </test-method> <!-- beforeClassRun -->
        <test-method status="PASS" signature="beforeMethodRun()[pri:0, instance:org.task.testcases.NoBrokerApplicationTask@6c3152]" name="beforeMethodRun" is-config="true" duration-ms="28440" started-at="2020-07-30T16:52:18Z" finished-at="2020-07-30T16:52:46Z">
          <reporter-output>
          </reporter-output>
        </test-method> <!-- beforeMethodRun -->
        <test-method status="PASS" signature="noBrokerValidations(java.lang.String, java.lang.String, java.lang.String, java.lang.String, java.lang.String)[pri:0, instance:org.task.testcases.NoBrokerApplicationTask@6c3152]" name="noBrokerValidations" duration-ms="381470" started-at="2020-07-30T16:52:46Z" data-provider="fetchData" finished-at="2020-07-30T16:59:07Z">
          <params>
            <param index="0">
              <value>
                <![CDATA[Marathahalli]]>
              </value>
            </param>
            <param index="1">
              <value>
                <![CDATA[HSR Layout]]>
              </value>
            </param>
            <param index="2">
              <value>
                <![CDATA[4]]>
              </value>
            </param>
            <param index="3">
              <value>
                <![CDATA[Reporting the issue]]>
              </value>
            </param>
            <param index="4">
              <value>
                <![CDATA[Thank you for the feedback]]>
              </value>
            </param>
          </params>
          <reporter-output>
          </reporter-output>
        </test-method> <!-- noBrokerValidations -->
        <test-method status="PASS" signature="afterMethodRun()[pri:0, instance:org.task.testcases.NoBrokerApplicationTask@6c3152]" name="afterMethodRun" is-config="true" duration-ms="571" started-at="2020-07-30T16:59:07Z" finished-at="2020-07-30T16:59:08Z">
          <reporter-output>
          </reporter-output>
        </test-method> <!-- afterMethodRun -->
        <test-method status="PASS" signature="afterSuiteRun()[pri:0, instance:org.task.testcases.NoBrokerApplicationTask@6c3152]" name="afterSuiteRun" is-config="true" duration-ms="1085" started-at="2020-07-30T16:59:08Z" finished-at="2020-07-30T16:59:09Z">
          <reporter-output>
          </reporter-output>
        </test-method> <!-- afterSuiteRun -->
      </class> <!-- org.task.testcases.NoBrokerApplicationTask -->
    </test> <!-- Default test -->
  </suite> <!-- Default suite -->
</testng-results>
